Determining if the pthread_create exist failed with the following output:
Change Dir: /home/mcg/catkin_ws/build/turtlebot3_description/CMakeFiles/CMakeTmp

Run Build Command:"/usr/bin/make" "cmTC_a00b6/fast"
/usr/bin/make -f CMakeFiles/cmTC_a00b6.dir/build.make CMakeFiles/cmTC_a00b6.dir/build
make[1]: Entering directory '/home/mcg/catkin_ws/build/turtlebot3_description/CMakeFiles/CMakeTmp'
Building C object CMakeFiles/cmTC_a00b6.dir/CheckSymbolExists.c.o
/usr/bin/gcc   -fPIC    -o CMakeFiles/cmTC_a00b6.dir/CheckSymbolExists.c.o   -c /home/mcg/catkin_ws/build/turtlebot3_description/CMakeFiles/CMakeTmp/CheckSymbolExists.c
Linking C executable cmTC_a00b6
/usr/bin/cmake -E cmake_link_script CMakeFiles/cmTC_a00b6.dir/link.txt --verbose=1
/usr/bin/gcc -fPIC   -Wl,-rpath,/lib -L/lib  -rdynamic CMakeFiles/cmTC_a00b6.dir/CheckSymbolExists.c.o  -o cmTC_a00b6 
CMakeFiles/cmTC_a00b6.dir/CheckSymbolExists.c.o: In function `main':
CheckSymbolExists.c:(.text+0x1b): undefined reference to `pthread_create'
collect2: error: ld returned 1 exit status
CMakeFiles/cmTC_a00b6.dir/build.make:97: recipe for target 'cmTC_a00b6' failed
make[1]: *** [cmTC_a00b6] Error 1
make[1]: Leaving directory '/home/mcg/catkin_ws/build/turtlebot3_description/CMakeFiles/CMakeTmp'
Makefile:126: recipe for target 'cmTC_a00b6/fast' failed
make: *** [cmTC_a00b6/fast] Error 2

File /home/mcg/catkin_ws/build/turtlebot3_description/CMakeFiles/CMakeTmp/CheckSymbolExists.c:
/* */
#include <pthread.h>

int main(int argc, char** argv)
{
  (void)argv;
#ifndef pthread_create
  return ((int*)(&pthread_create))[argc];
#else
  (void)argc;
  return 0;
#endif
}

Determining if the function pthread_create exists in the pthreads failed with the following output:
Change Dir: /home/mcg/catkin_ws/build/turtlebot3_description/CMakeFiles/CMakeTmp

Run Build Command:"/usr/bin/make" "cmTC_23e89/fast"
/usr/bin/make -f CMakeFiles/cmTC_23e89.dir/build.make CMakeFiles/cmTC_23e89.dir/build
make[1]: Entering directory '/home/mcg/catkin_ws/build/turtlebot3_description/CMakeFiles/CMakeTmp'
Building C object CMakeFiles/cmTC_23e89.dir/CheckFunctionExists.c.o
/usr/bin/gcc   -fPIC -DCHECK_FUNCTION_EXISTS=pthread_create   -o CMakeFiles/cmTC_23e89.dir/CheckFunctionExists.c.o   -c /usr/share/cmake-3.10/Modules/CheckFunctionExists.c
Linking C executable cmTC_23e89
/usr/bin/cmake -E cmake_link_script CMakeFiles/cmTC_23e89.dir/link.txt --verbose=1
/usr/bin/gcc -fPIC -DCHECK_FUNCTION_EXISTS=pthread_create  -Wl,-rpath,/lib -L/lib  -rdynamic CMakeFiles/cmTC_23e89.dir/CheckFunctionExists.c.o  -o cmTC_23e89 -lpthreads 
/usr/bin/ld: cannot find -lpthreads
collect2: error: ld returned 1 exit status
CMakeFiles/cmTC_23e89.dir/build.make:97: recipe for target 'cmTC_23e89' failed
make[1]: *** [cmTC_23e89] Error 1
make[1]: Leaving directory '/home/mcg/catkin_ws/build/turtlebot3_description/CMakeFiles/CMakeTmp'
Makefile:126: recipe for target 'cmTC_23e89/fast' failed
make: *** [cmTC_23e89/fast] Error 2


