Determining if the pthread_create exist failed with the following output:
Change Dir: /home/mcg/catkin_ws/build/turtlebot3_example/CMakeFiles/CMakeTmp

Run Build Command:"/usr/bin/make" "cmTC_6e19c/fast"
/usr/bin/make -f CMakeFiles/cmTC_6e19c.dir/build.make CMakeFiles/cmTC_6e19c.dir/build
make[1]: Entering directory '/home/mcg/catkin_ws/build/turtlebot3_example/CMakeFiles/CMakeTmp'
Building C object CMakeFiles/cmTC_6e19c.dir/CheckSymbolExists.c.o
/usr/bin/gcc   -fPIC    -o CMakeFiles/cmTC_6e19c.dir/CheckSymbolExists.c.o   -c /home/mcg/catkin_ws/build/turtlebot3_example/CMakeFiles/CMakeTmp/CheckSymbolExists.c
Linking C executable cmTC_6e19c
/usr/bin/cmake -E cmake_link_script CMakeFiles/cmTC_6e19c.dir/link.txt --verbose=1
/usr/bin/gcc -fPIC   -Wl,-rpath,/lib -L/lib  -rdynamic CMakeFiles/cmTC_6e19c.dir/CheckSymbolExists.c.o  -o cmTC_6e19c 
CMakeFiles/cmTC_6e19c.dir/CheckSymbolExists.c.o: In function `main':
CheckSymbolExists.c:(.text+0x1b): undefined reference to `pthread_create'
collect2: error: ld returned 1 exit status
CMakeFiles/cmTC_6e19c.dir/build.make:97: recipe for target 'cmTC_6e19c' failed
make[1]: *** [cmTC_6e19c] Error 1
make[1]: Leaving directory '/home/mcg/catkin_ws/build/turtlebot3_example/CMakeFiles/CMakeTmp'
Makefile:126: recipe for target 'cmTC_6e19c/fast' failed
make: *** [cmTC_6e19c/fast] Error 2

File /home/mcg/catkin_ws/build/turtlebot3_example/CMakeFiles/CMakeTmp/CheckSymbolExists.c:
/* */
#include <pthread.h>

int main(int argc, char** argv)
{
  (void)argv;
#ifndef pthread_create
  return ((int*)(&pthread_create))[argc];
#else
  (void)argc;
  return 0;
#endif
}

Determining if the function pthread_create exists in the pthreads failed with the following output:
Change Dir: /home/mcg/catkin_ws/build/turtlebot3_example/CMakeFiles/CMakeTmp

Run Build Command:"/usr/bin/make" "cmTC_c16d4/fast"
/usr/bin/make -f CMakeFiles/cmTC_c16d4.dir/build.make CMakeFiles/cmTC_c16d4.dir/build
make[1]: Entering directory '/home/mcg/catkin_ws/build/turtlebot3_example/CMakeFiles/CMakeTmp'
Building C object CMakeFiles/cmTC_c16d4.dir/CheckFunctionExists.c.o
/usr/bin/gcc   -fPIC -DCHECK_FUNCTION_EXISTS=pthread_create   -o CMakeFiles/cmTC_c16d4.dir/CheckFunctionExists.c.o   -c /usr/share/cmake-3.10/Modules/CheckFunctionExists.c
Linking C executable cmTC_c16d4
/usr/bin/cmake -E cmake_link_script CMakeFiles/cmTC_c16d4.dir/link.txt --verbose=1
/usr/bin/gcc -fPIC -DCHECK_FUNCTION_EXISTS=pthread_create  -Wl,-rpath,/lib -L/lib  -rdynamic CMakeFiles/cmTC_c16d4.dir/CheckFunctionExists.c.o  -o cmTC_c16d4 -lpthreads 
/usr/bin/ld: cannot find -lpthreads
collect2: error: ld returned 1 exit status
CMakeFiles/cmTC_c16d4.dir/build.make:97: recipe for target 'cmTC_c16d4' failed
make[1]: *** [cmTC_c16d4] Error 1
make[1]: Leaving directory '/home/mcg/catkin_ws/build/turtlebot3_example/CMakeFiles/CMakeTmp'
Makefile:126: recipe for target 'cmTC_c16d4/fast' failed
make: *** [cmTC_c16d4/fast] Error 2


