Determining if the pthread_create exist failed with the following output:
Change Dir: /home/mcg/catkin_ws/build/turtlebot3_slam/CMakeFiles/CMakeTmp

Run Build Command:"/usr/bin/make" "cmTC_38f9a/fast"
/usr/bin/make -f CMakeFiles/cmTC_38f9a.dir/build.make CMakeFiles/cmTC_38f9a.dir/build
make[1]: Entering directory '/home/mcg/catkin_ws/build/turtlebot3_slam/CMakeFiles/CMakeTmp'
Building C object CMakeFiles/cmTC_38f9a.dir/CheckSymbolExists.c.o
/usr/bin/gcc   -fPIC    -o CMakeFiles/cmTC_38f9a.dir/CheckSymbolExists.c.o   -c /home/mcg/catkin_ws/build/turtlebot3_slam/CMakeFiles/CMakeTmp/CheckSymbolExists.c
Linking C executable cmTC_38f9a
/usr/bin/cmake -E cmake_link_script CMakeFiles/cmTC_38f9a.dir/link.txt --verbose=1
/usr/bin/gcc -fPIC   -Wl,-rpath,/lib -L/lib  -rdynamic CMakeFiles/cmTC_38f9a.dir/CheckSymbolExists.c.o  -o cmTC_38f9a 
CMakeFiles/cmTC_38f9a.dir/CheckSymbolExists.c.o: In function `main':
CheckSymbolExists.c:(.text+0x1b): undefined reference to `pthread_create'
collect2: error: ld returned 1 exit status
CMakeFiles/cmTC_38f9a.dir/build.make:97: recipe for target 'cmTC_38f9a' failed
make[1]: *** [cmTC_38f9a] Error 1
make[1]: Leaving directory '/home/mcg/catkin_ws/build/turtlebot3_slam/CMakeFiles/CMakeTmp'
Makefile:126: recipe for target 'cmTC_38f9a/fast' failed
make: *** [cmTC_38f9a/fast] Error 2

File /home/mcg/catkin_ws/build/turtlebot3_slam/CMakeFiles/CMakeTmp/CheckSymbolExists.c:
/* */
#include <pthread.h>

int main(int argc, char** argv)
{
  (void)argv;
#ifndef pthread_create
  return ((int*)(&pthread_create))[argc];
#else
  (void)argc;
  return 0;
#endif
}

Determining if the function pthread_create exists in the pthreads failed with the following output:
Change Dir: /home/mcg/catkin_ws/build/turtlebot3_slam/CMakeFiles/CMakeTmp

Run Build Command:"/usr/bin/make" "cmTC_bc493/fast"
/usr/bin/make -f CMakeFiles/cmTC_bc493.dir/build.make CMakeFiles/cmTC_bc493.dir/build
make[1]: Entering directory '/home/mcg/catkin_ws/build/turtlebot3_slam/CMakeFiles/CMakeTmp'
Building C object CMakeFiles/cmTC_bc493.dir/CheckFunctionExists.c.o
/usr/bin/gcc   -fPIC -DCHECK_FUNCTION_EXISTS=pthread_create   -o CMakeFiles/cmTC_bc493.dir/CheckFunctionExists.c.o   -c /usr/share/cmake-3.10/Modules/CheckFunctionExists.c
Linking C executable cmTC_bc493
/usr/bin/cmake -E cmake_link_script CMakeFiles/cmTC_bc493.dir/link.txt --verbose=1
/usr/bin/gcc -fPIC -DCHECK_FUNCTION_EXISTS=pthread_create  -Wl,-rpath,/lib -L/lib  -rdynamic CMakeFiles/cmTC_bc493.dir/CheckFunctionExists.c.o  -o cmTC_bc493 -lpthreads 
/usr/bin/ld: cannot find -lpthreads
collect2: error: ld returned 1 exit status
CMakeFiles/cmTC_bc493.dir/build.make:97: recipe for target 'cmTC_bc493' failed
make[1]: *** [cmTC_bc493] Error 1
make[1]: Leaving directory '/home/mcg/catkin_ws/build/turtlebot3_slam/CMakeFiles/CMakeTmp'
Makefile:126: recipe for target 'cmTC_bc493/fast' failed
make: *** [cmTC_bc493/fast] Error 2


