Determining if the pthread_create exist failed with the following output:
Change Dir: /home/mcg/catkin_ws/build/turtlebot3_bringup/CMakeFiles/CMakeTmp

Run Build Command:"/usr/bin/make" "cmTC_12055/fast"
/usr/bin/make -f CMakeFiles/cmTC_12055.dir/build.make CMakeFiles/cmTC_12055.dir/build
make[1]: Entering directory '/home/mcg/catkin_ws/build/turtlebot3_bringup/CMakeFiles/CMakeTmp'
Building C object CMakeFiles/cmTC_12055.dir/CheckSymbolExists.c.o
/usr/bin/gcc   -fPIC    -o CMakeFiles/cmTC_12055.dir/CheckSymbolExists.c.o   -c /home/mcg/catkin_ws/build/turtlebot3_bringup/CMakeFiles/CMakeTmp/CheckSymbolExists.c
Linking C executable cmTC_12055
/usr/bin/cmake -E cmake_link_script CMakeFiles/cmTC_12055.dir/link.txt --verbose=1
/usr/bin/gcc -fPIC   -Wl,-rpath,/lib -L/lib  -rdynamic CMakeFiles/cmTC_12055.dir/CheckSymbolExists.c.o  -o cmTC_12055 
CMakeFiles/cmTC_12055.dir/CheckSymbolExists.c.o: In function `main':
CheckSymbolExists.c:(.text+0x1b): undefined reference to `pthread_create'
collect2: error: ld returned 1 exit status
CMakeFiles/cmTC_12055.dir/build.make:97: recipe for target 'cmTC_12055' failed
make[1]: *** [cmTC_12055] Error 1
make[1]: Leaving directory '/home/mcg/catkin_ws/build/turtlebot3_bringup/CMakeFiles/CMakeTmp'
Makefile:126: recipe for target 'cmTC_12055/fast' failed
make: *** [cmTC_12055/fast] Error 2

File /home/mcg/catkin_ws/build/turtlebot3_bringup/CMakeFiles/CMakeTmp/CheckSymbolExists.c:
/* */
#include <pthread.h>

int main(int argc, char** argv)
{
  (void)argv;
#ifndef pthread_create
  return ((int*)(&pthread_create))[argc];
#else
  (void)argc;
  return 0;
#endif
}

Determining if the function pthread_create exists in the pthreads failed with the following output:
Change Dir: /home/mcg/catkin_ws/build/turtlebot3_bringup/CMakeFiles/CMakeTmp

Run Build Command:"/usr/bin/make" "cmTC_c3986/fast"
/usr/bin/make -f CMakeFiles/cmTC_c3986.dir/build.make CMakeFiles/cmTC_c3986.dir/build
make[1]: Entering directory '/home/mcg/catkin_ws/build/turtlebot3_bringup/CMakeFiles/CMakeTmp'
Building C object CMakeFiles/cmTC_c3986.dir/CheckFunctionExists.c.o
/usr/bin/gcc   -fPIC -DCHECK_FUNCTION_EXISTS=pthread_create   -o CMakeFiles/cmTC_c3986.dir/CheckFunctionExists.c.o   -c /usr/share/cmake-3.10/Modules/CheckFunctionExists.c
Linking C executable cmTC_c3986
/usr/bin/cmake -E cmake_link_script CMakeFiles/cmTC_c3986.dir/link.txt --verbose=1
/usr/bin/gcc -fPIC -DCHECK_FUNCTION_EXISTS=pthread_create  -Wl,-rpath,/lib -L/lib  -rdynamic CMakeFiles/cmTC_c3986.dir/CheckFunctionExists.c.o  -o cmTC_c3986 -lpthreads 
/usr/bin/ld: cannot find -lpthreads
collect2: error: ld returned 1 exit status
CMakeFiles/cmTC_c3986.dir/build.make:97: recipe for target 'cmTC_c3986' failed
make[1]: *** [cmTC_c3986] Error 1
make[1]: Leaving directory '/home/mcg/catkin_ws/build/turtlebot3_bringup/CMakeFiles/CMakeTmp'
Makefile:126: recipe for target 'cmTC_c3986/fast' failed
make: *** [cmTC_c3986/fast] Error 2


