Determining if the pthread_create exist failed with the following output:
Change Dir: /home/mcg/catkin_ws/build/ddrl_ge/CMakeFiles/CMakeTmp

Run Build Command:"/usr/bin/make" "cmTC_8ee7f/fast"
/usr/bin/make -f CMakeFiles/cmTC_8ee7f.dir/build.make CMakeFiles/cmTC_8ee7f.dir/build
make[1]: Entering directory '/home/mcg/catkin_ws/build/ddrl_ge/CMakeFiles/CMakeTmp'
Building C object CMakeFiles/cmTC_8ee7f.dir/CheckSymbolExists.c.o
/usr/bin/gcc   -fPIC    -o CMakeFiles/cmTC_8ee7f.dir/CheckSymbolExists.c.o   -c /home/mcg/catkin_ws/build/ddrl_ge/CMakeFiles/CMakeTmp/CheckSymbolExists.c
Linking C executable cmTC_8ee7f
/usr/bin/cmake -E cmake_link_script CMakeFiles/cmTC_8ee7f.dir/link.txt --verbose=1
/usr/bin/gcc -fPIC   -Wl,-rpath,/lib -L/lib  -rdynamic CMakeFiles/cmTC_8ee7f.dir/CheckSymbolExists.c.o  -o cmTC_8ee7f 
CMakeFiles/cmTC_8ee7f.dir/CheckSymbolExists.c.o: In function `main':
CheckSymbolExists.c:(.text+0x1b): undefined reference to `pthread_create'
collect2: error: ld returned 1 exit status
CMakeFiles/cmTC_8ee7f.dir/build.make:97: recipe for target 'cmTC_8ee7f' failed
make[1]: *** [cmTC_8ee7f] Error 1
make[1]: Leaving directory '/home/mcg/catkin_ws/build/ddrl_ge/CMakeFiles/CMakeTmp'
Makefile:126: recipe for target 'cmTC_8ee7f/fast' failed
make: *** [cmTC_8ee7f/fast] Error 2

File /home/mcg/catkin_ws/build/ddrl_ge/CMakeFiles/CMakeTmp/CheckSymbolExists.c:
/* */
#include <pthread.h>

int main(int argc, char** argv)
{
  (void)argv;
#ifndef pthread_create
  return ((int*)(&pthread_create))[argc];
#else
  (void)argc;
  return 0;
#endif
}

Determining if the function pthread_create exists in the pthreads failed with the following output:
Change Dir: /home/mcg/catkin_ws/build/ddrl_ge/CMakeFiles/CMakeTmp

Run Build Command:"/usr/bin/make" "cmTC_9f29b/fast"
/usr/bin/make -f CMakeFiles/cmTC_9f29b.dir/build.make CMakeFiles/cmTC_9f29b.dir/build
make[1]: Entering directory '/home/mcg/catkin_ws/build/ddrl_ge/CMakeFiles/CMakeTmp'
Building C object CMakeFiles/cmTC_9f29b.dir/CheckFunctionExists.c.o
/usr/bin/gcc   -fPIC -DCHECK_FUNCTION_EXISTS=pthread_create   -o CMakeFiles/cmTC_9f29b.dir/CheckFunctionExists.c.o   -c /usr/share/cmake-3.10/Modules/CheckFunctionExists.c
Linking C executable cmTC_9f29b
/usr/bin/cmake -E cmake_link_script CMakeFiles/cmTC_9f29b.dir/link.txt --verbose=1
/usr/bin/gcc -fPIC -DCHECK_FUNCTION_EXISTS=pthread_create  -Wl,-rpath,/lib -L/lib  -rdynamic CMakeFiles/cmTC_9f29b.dir/CheckFunctionExists.c.o  -o cmTC_9f29b -lpthreads 
/usr/bin/ld: cannot find -lpthreads
collect2: error: ld returned 1 exit status
CMakeFiles/cmTC_9f29b.dir/build.make:97: recipe for target 'cmTC_9f29b' failed
make[1]: *** [cmTC_9f29b] Error 1
make[1]: Leaving directory '/home/mcg/catkin_ws/build/ddrl_ge/CMakeFiles/CMakeTmp'
Makefile:126: recipe for target 'cmTC_9f29b/fast' failed
make: *** [cmTC_9f29b/fast] Error 2


